<?xml version="1.0" encoding="UTF-8"?>
<testng-results ignored="0" total="1" passed="1" failed="0" skipped="0">
  <reporter-output>
  </reporter-output>
  <suite started-at="2024-12-08T17:12:48 IST" name="MySuite" finished-at="2024-12-08T17:13:04 IST" duration-ms="15918">
    <groups>
    </groups>
    <test started-at="2024-12-08T17:12:48 IST" name="MyTest" finished-at="2024-12-08T17:13:04 IST" duration-ms="15918">
      <class name="dev1.ChromeWithWebDriverManagerTest">
        <test-method is-config="true" signature="setup()[pri:0, instance:dev1.ChromeWithWebDriverManagerTest@dbf57b3]" started-at="2024-12-08T17:12:48 IST" name="setup" finished-at="2024-12-08T17:12:57 IST" duration-ms="9265" status="PASS">
          <reporter-output>
          </reporter-output>
        </test-method> <!-- setup -->
        <test-method signature="checkTheUrl()[pri:0, instance:dev1.ChromeWithWebDriverManagerTest@dbf57b3]" started-at="2024-12-08T17:12:57 IST" name="checkTheUrl" finished-at="2024-12-08T17:13:02 IST" duration-ms="5029" status="PASS">
          <reporter-output>
          </reporter-output>
        </test-method> <!-- checkTheUrl -->
        <test-method is-config="true" signature="tearDown()[pri:0, instance:dev1.ChromeWithWebDriverManagerTest@dbf57b3]" started-at="2024-12-08T17:13:02 IST" name="tearDown" finished-at="2024-12-08T17:13:04 IST" duration-ms="1581" status="PASS">
          <reporter-output>
          </reporter-output>
        </test-method> <!-- tearDown -->
      </class> <!-- dev1.ChromeWithWebDriverManagerTest -->
    </test> <!-- MyTest -->
  </suite> <!-- MySuite -->
</testng-results>
